{"numTotalTestSuites":6,"numPassedTestSuites":6,"numFailedTestSuites":0,"numPendingTestSuites":0,"numTotalTests":9,"numPassedTests":4,"numFailedTests":5,"numPendingTests":0,"numTodoTests":0,"startTime":1777865011602,"success":false,"testResults":[{"assertionResults":[{"ancestorTitles":["","RichTextEditor"],"fullName":" RichTextEditor runs basic formatting commands","status":"passed","title":"runs basic formatting commands","duration":178,"failureMessages":[]},{"ancestorTitles":["","RichTextEditor"],"fullName":" RichTextEditor runs list and font size commands","status":"failed","title":"runs list and font size commands","duration":73,"failureMessages":["Found multiple elements with the role \"button\" and name `/• List/i`\n\nHere are the matching elements:\n\nIgnored nodes: comments, script, style\n\u001b[36m<button\u001b[39m\n  \u001b[33mclass\u001b[39m=\u001b[32m\"rounded border border-zinc-200 bg-white px-2 py-1 text-[11px] font-semibold\"\u001b[39m\n  \u001b[33mtype\u001b[39m=\u001b[32m\"button\"\u001b[39m\n\u001b[36m>\u001b[39m\n  \u001b[0m• List\u001b[0m\n\u001b[36m</button>\u001b[39m\n\nIgnored nodes: comments, script, style\n\u001b[36m<button\u001b[39m\n  \u001b[33mclass\u001b[39m=\u001b[32m\"rounded border border-zinc-200 bg-white px-2 py-1 text-[11px] font-semibold\"\u001b[39m\n  \u001b[33mtype\u001b[39m=\u001b[32m\"button\"\u001b[39m\n\u001b[36m>\u001b[39m\n  \u001b[0m• List\u001b[0m\n\u001b[36m</button>\u001b[39m\n\n(If this is intentional, then use the `*AllBy*` variant of the query (like `queryAllByText`, `getAllByText`, or `findAllByText`)).\n\nIgnored nodes: comments, script, style\n\u001b[36m<body>\u001b[39m\n  \u001b[36m<div>\u001b[39m\n    \u001b[36m<div\u001b[39m\n      \u001b[33mclass\u001b[39m=\u001b[32m\"rounded-xl border border-zinc-200 bg-white\"\u001b[39m\n    \u001b[36m>\u001b[39m\n      \u001b[36m<div\u001b[39m\n        \u001b[33mclass\u001b[39m=\u001b[32m\"flex flex-wrap items-center gap-2 border-b border-zinc-200 bg-zinc-50 p-2\"\u001b[39m\n      \u001b[36m>\u001b[39m\n        \u001b[36m<button\u001b[39m\n          \u001b[33mclass\u001b[39m=\u001b[32m\"rounded border border-zinc-200 bg-white px-2 py-1 text-[11px] font-semibold\"\u001b[39m\n          \u001b[33mtype\u001b[39m=\u001b[32m\"button\"\u001b[39m\n        \u001b[36m>\u001b[39m\n          \u001b[0mB\u001b[0m\n        \u001b[36m</button>\u001b[39m\n        \u001b[36m<button\u001b[39m\n          \u001b[33mclass\u001b[39m=\u001b[32m\"rounded border border-zinc-200 bg-white px-2 py-1 text-[11px] font-semibold italic\"\u001b[39m\n          \u001b[33mtype\u001b[39m=\u001b[32m\"button\"\u001b[39m\n        \u001b[36m>\u001b[39m\n          \u001b[0mI\u001b[0m\n        \u001b[36m</button>\u001b[39m\n        \u001b[36m<button\u001b[39m\n          \u001b[33mclass\u001b[39m=\u001b[32m\"rounded border border-zinc-200 bg-white px-2 py-1 text-[11px] font-semibold underline\"\u001b[39m\n          \u001b[33mtype\u001b[39m=\u001b[32m\"button\"\u001b[39m\n        \u001b[36m>\u001b[39m\n          \u001b[0mU\u001b[0m\n        \u001b[36m</button>\u001b[39m\n        \u001b[36m<button\u001b[39m\n          \u001b[33mclass\u001b[39m=\u001b[32m\"rounded border border-zinc-200 bg-white px-2 py-1 text-[11px] font-semibold line-through\"\u001b[39m\n          \u001b[33mtype\u001b[39m=\u001b[32m\"button\"\u001b[39m\n        \u001b[36m>\u001b[39m\n          \u001b[0mS\u001b[0m\n        \u001b[36m</button>\u001b[39m\n        \u001b[36m<button\u001b[39m\n          \u001b[33mclass\u001b[39m=\u001b[32m\"rounded border border-zinc-200 bg-white px-2 py-1 text-[11px] font-semibold\"\u001b[39m\n          \u001b[33mtype\u001b[39m=\u001b[32m\"button\"\u001b[39m\n        \u001b[36m>\u001b[39m\n          \u001b[0mx²\u001b[0m\n        \u001b[36m</button>\u001b[39m\n        \u001b[36m<button\u001b[39m\n          \u001b[33mclass\u001b[39m=\u001b[32m\"rounded border border-zinc-200 bg-white px-2 py-1 text-[11px] font-semibold\"\u001b[39m\n          \u001b[33mtype\u001b[39m=\u001b[32m\"button\"\u001b[39m\n        \u001b[36m>\u001b[39m\n          \u001b[0mx₂\u001b[0m\n        \u001b[36m</button>\u001b[39m\n        \u001b[36m<div\u001b[39m\n          \u001b[33mclass\u001b[39m=\u001b[32m\"mx-1 h-5 w-px bg-zinc-200\"\u001b[39m\n        \u001b[36m/>\u001b[39m\n        \u001b[36m<button\u001b[39m\n          \u001b[33mclass\u001b[39m=\u001b[32m\"rounded border border-zinc-200 bg-white px-2 py-1 text-[11px] font-semibold\"\u001b[39m\n          \u001b[33mtype\u001b[39m=\u001b[32m\"button\"\u001b[39m\n        \u001b[36m>\u001b[39m\n          \u001b[0mH1\u001b[0m\n        \u001b[36m</button>\u001b[39m\n        \u001b[36m<button\u001b[39m\n          \u001b[33mclass\u001b[39m=\u001b[32m\"rounded border border-zinc-200 bg-white px-2 py-1 text-[11px] font-semibold\"\u001b[39m\n          \u001b[33mtype\u001b[39m=\u001b[32m\"button\"\u001b[39m\n        \u001b[36m>\u001b[39m\n          \u001b[0mH2\u001b[0m\n        \u001b[36m</button>\u001b[39m\n        \u001b[36m<button\u001b[39m\n          \u001b[33mclass\u001b[39m=\u001b[32m\"rounded border border-zinc-200 bg-white px-2 py-1 text-[11px] font-semibold\"\u001b[39m\n          \u001b[33mtype\u001b[39m=\u001b[32m\"button\"\u001b[39m\n        \u001b[36m>\u001b[39m\n          \u001b[0m• List\u001b[0m\n        \u001b[36m</button>\u001b[39m\n        \u001b[36m<button\u001b[39m\n          \u001b[33mclass\u001b[39m=\u001b[32m\"rounded border border-zinc-200 bg-white px-2 py-1 text-[11px] font-semibold\"\u001b[39m\n          \u001b[33mtype\u001b[39m=\u001b[32m\"button\"\u001b[39m\n        \u001b[36m>\u001b[39m\n          \u001b[0m1. List\u001b[0m\n        \u001b[36m</button>\u001b[39m\n        \u001b[36m<button\u001b[39m\n          \u001b[33mclass\u001b[39m=\u001b[32m\"rounded border border-zinc-200 bg-white px-2 py-1 text-[11px] font-semibold\"\u001b[39m\n          \u001b[33mtype\u001b[39m=\u001b[32m\"button\"\u001b[39m\n        \u001b[36m>\u001b[39m\n          \u001b[0m“ ”\u001b[0m\n        \u001b[36m</button>\u001b[39m\n        \u001b[36m<div\u001b[39m\n          \u001b[33mclass\u001b[39m=\u001b[32m\"mx-1 h-5 w-px bg-zinc-200\"\u001b[39m\n        \u001b[36m/>\u001b[39m\n        \u001b[36m<input\u001b[39m\n          \u001b[33mclass\u001b[39m=\u001b[32m\"h-8 w-10 rounded border border-zinc-200 bg-white p-1\"\u001b[39m\n          \u001b[33mtitle\u001b[39m=\u001b[32m\"Text color\"\u001b[39m\n          \u001b[33mtype\u001b[39m=\u001b[32m\"color\"\u001b[39m\n          \u001b[33mvalue\u001b[39m=\u001b[32m\"#111827\"\u001b[39m\n        \u001b[36m/>\u001b[39m\n        \u001b[36m<select\u001b[39m\n          \u001b[33mclass\u001b[39m=\u001b[32m\"rounded border border-zinc-200 bg-white px-2 py-1 text-[11px] font-semibold\"\u001b[39m\n        \u001b[36m>\u001b[39m\n          \u001b[36m<option\u001b[39m\n            \u001b[33mvalue\u001b[39m=\u001b[32m\"1\"\u001b[39m\n          \u001b[36m>\u001b[39m\n            \u001b[0mSize \u001b[0m\n            \u001b[0m1\u001b[0m\n          \u001b[36m</option>\u001b[39m\n          \u001b[36m<option\u001b[39m\n            \u001b[33mvalue\u001b[39m=\u001b[32m\"2\"\u001b[39m\n          \u001b[36m>\u001b[39m\n            \u001b[0mSize \u001b[0m\n            \u001b[0m2\u001b[0m\n          \u001b[36m</option>\u001b[39m\n          \u001b[36m<option\u001b[39m\n            \u001b[33mselected\u001b[39m=\u001b[32m\"\"\u001b[39m\n            \u001b[33mvalue\u001b[39m=\u001b[32m\"3\"\u001b[39m\n          \u001b[36m>\u001b[39m\n            \u001b[0mSize \u001b[0m\n            \u001b[0m3\u001b[0m\n          \u001b[36m</option>\u001b[39m\n          \u001b[36m<option\u001b[39m\n            \u001b[33mvalue\u001b[39m=\u001b[32m\"4\"\u001b[39m\n          \u001b[36m>\u001b[39m\n            \u001b[0mSize \u001b[0m\n            \u001b[0m4\u001b[0m\n          \u001b[36m</option>\u001b[39m\n          \u001b[36m<option\u001b[39m\n            \u001b[33mvalue\u001b[39m=\u001b[32m\"5\"\u001b[39m\n          \u001b[36m>\u001b[39m\n            \u001b[0mSize \u001b[0m\n            \u001b[0m5\u001b[0m\n          \u001b[36m</option>\u001b[39m\n          \u001b[36m<option\u001b[39m\n            \u001b[33mvalue\u001b[39m=\u001b[32m\"6\"\u001b[39m\n          \u001b[36m>\u001b[39m\n            \u001b[0mSize \u001b[0m\n            \u001b[0m6\u001b[0m\n          \u001b[36m</option>\u001b[39m\n          \u001b[36m<option\u001b[39m\n            \u001b[33mvalue\u001b[39m=\u001b[32m\"7\"\u001b[39m\n          \u001b[36m>\u001b[39m\n            \u001b[0mSize \u001b[0m\n            \u001b[0m7\u001b[0m\n          \u001b[36m</option>\u001b[39m\n        \u001b[36m</select>\u001b[39m\n        \u001b[36m<select\u001b[39m\n          \u001b[33mclass\u001b[39m=\u001b[32m\"rounded border border-zinc-200 bg-white px-2 py-1 text-[11px] font-semibold\"\u001b[39m\n        \u001b[36m>\u001b[39m\n          \u001b[36m<option\u001b[39m\n            \u001b[33mvalue\u001b[39m=\u001b[32m\"Arial\"\u001b[39m\n          \u001b[36m>\u001b[39m\n            \u001b[0mArial\u001b[0m\n          \u001b[36m</option>\u001b[39m\n          \u001b[36m<option\u001b[39m\n            \u001b[33mvalue\u001b[39m=\u001b[32m\"Verdana\"\u001b[39m\n          \u001b[36m>\u001b[39m\n            \u001b[0mVerdana\u001b[0m\n          \u001b[36m</option>\u001b[39m\n          \u001b[36m<option\u001b[39m\n            \u001b[33mvalue\u001b[39m=\u001b[32m\"Tahoma\"\u001b[39m\n          \u001b[36m>\u001b[39m\n            \u001b[0mTahoma\u001b[0m\n          \u001b[36m</option>\u001b[39m\n          \u001b[36m<option\u001b[39m\n            \u001b[33mvalue\u001b[39m=\u001b[32m\"Georgia\"\u001b[39m\n          \u001b[36m>\u001b[39m\n            \u001b[0mGeorgia\u001b[0m\n          \u001b[36m</option>\u001b[39m\n          \u001b[36m<option\u001b[39m\n            \u001b[33mvalue\u001b[39m=\u001b[32m\"Times New Roman\"\u001b[39m\n          \u001b[36m>\u001b[39m\n            \u001b[0mTimes New Roman\u001b[0m\n          \u001b[36m</option>\u001b[39m\n          \u001b[36m<option\u001b[39m\n            \u001b[33mvalue\u001b[39m=\u001b[32m\"Courier New\"\u001b[39m\n          \u001b[36m>\u001b[39m\n            \u001b[0mCourier New\u001b[0m\n          \u001b[36m</option>\u001b[39m\n        \u001b[36m</select>\u001b[39m\n        \u001b[36m<div\u001b[39m\n          \u001b[33mclass\u001b[39m=\u001b[32m\"mx-1 h-5 w-px bg-zinc-200\"\u001b[39m\n        \u001b[36m/>\u001b[39m\n        \u001b[36m<button\u001b[39m\n          \u001b[33mclass\u001b[39m=\u001b[32m\"rounded border border-zinc-200 bg-white px-2 py-1 text-[11px] font-semibold\"\u001b[39m\n          \u001b[33mtype\u001b[39m=\u001b[32m\"button\"\u001b[39m\n        \u001b[36m>\u001b[39m\n          \u001b[0mLink\u001b[0m\n        \u001b[36m</button>\u001b[39m\n        \u001b[36m<button\u001b[39m\n          \u001b[33mclass\u001b[39m=\u001b[32m\"rounded border border-zinc-200 bg-white px-2 py-1 text-[11px] font-semibold\"\u001b[39m\n          \u001b[33mtype\u001b[39m=\u001b[32m\"button\"\u001b[39m\n        \u001b[36m>\u001b[39m\n          \u001b[0mImage\u001b[0m\n        \u001b[36m</button>\u001b[39m\n        \u001b[36m<button\u001b[39m\n          \u001b[33mclass\u001b[39m=\u001b[32m\"rounded border border-zinc-200 bg-white px-2 py-1 text-[11px] font-semibold\"\u001b[39m\n          \u001b[33mtype\u001b[39m=\u001b[32m\"button\"\u001b[39m\n        \u001b[36m>\u001b[39m\n          \u001b[0mTable\u001b[0m\n        \u001b[36m</button>\u001b[39m\n        \u001b[36m<button\u001b[39m\n          \u001b[33mclass\u001b[39m=\u001b[32m\"ml-auto rounded border border-zinc-200 bg-white px-2 py-1 text-[11px] font-semibold\"\u001b[39m\n          \u001b[33mtype\u001b[39m=\u001b[32m\"button\"\u001b[39m\n        \u001b[36m>\u001b[39m\n          \u001b[0mClear\u001b[0m\n        \u001b[36m</button>\u001b[39m\n      \u001b[36m</div>\u001b[39m\n      \u001b[36m<div\u001b[39m\n        \u001b[33mclass\u001b[39m=\u001b[32m\"min-h-24 rounded-b-xl px-3 py-2 text-sm outline-none\"\u001b[39m\n        \u001b[33mcontenteditable\u001b[39m=\u001b[32m\"true\"\u001b[39m\n      \u001b[36m>\u001b[39m\n        \u001b[36m<p>\u001b[39m\n          \u001b[0mHello\u001b[0m\n        \u001b[36m</p>\u001b[39m\n      \u001b[36m</div>\u001b[39m\n    \u001b[36m</div>\u001b[39m\n  \u001b[36m</div>\u001b[39m\n  \u001b[36m<div>\u001b[39m\n    \u001b[36m<div\u001b[39m\n      \u001b[33mclass\u001b[39m=\u001b[32m\"rounded-xl border border-zinc-200 bg-white\"\u001b[39m\n    \u001b[36m>\u001b[39m\n      \u001b[36m<div\u001b[39m\n        \u001b[33mclass\u001b[39m=\u001b[32m\"flex flex-wrap items-center gap-2 border-b border-zinc-200 bg-zinc-50 p-2\"\u001b[39m\n      \u001b[36m>\u001b[39m\n        \u001b[36m<button\u001b[39m\n          \u001b[33mclass\u001b[39m=\u001b[32m\"rounded border border-zinc-200 bg-white px-2 py-1 text-[11px] font-semibold\"\u001b[39m\n          \u001b[33mtype\u001b[39m=\u001b[32m\"button\"\u001b[39m\n        \u001b[36m>\u001b[39m\n          \u001b[0mB\u001b[0m\n        \u001b[36m</button>\u001b[39m\n        \u001b[36m<button\u001b[39m\n          \u001b[33mclass\u001b[39m=\u001b[32m\"rounded border border-zinc-200 bg-white px-2 py-1 text-[11px] font-semibold italic\"\u001b[39m\n          \u001b[33mtype\u001b[39m=\u001b[32m\"button\"\u001b[39m\n        \u001b[36m>\u001b[39m\n          \u001b[0mI\u001b[0m\n        \u001b[36m</button>\u001b[39m\n        \u001b[36m<button\u001b[39m\n          \u001b[33mclass\u001b[39m=\u001b[32m\"rounded border border-zinc-200 bg-white px-2 py-1 text-[11px] font-semibold underline\"\u001b[39m\n          \u001b[33mtype\u001b[39m=\u001b[32m\"button\"\u001b[39m\n        \u001b[36m>\u001b[39m\n          \u001b[0mU\u001b[0m\n        \u001b[36m</button>\u001b[39m\n        \u001b[36m<button\u001b[39m\n          \u001b[33mclass\u001b[39m=\u001b[32m\"rounded border border-zinc-200 bg-white px-2 py-1 text-[11px] font-semibold line-through\"\u001b[39m\n          \u001b[33mtype\u001b[39m=\u001b[32m\"button\"\u001b[39m\n        \u001b[36m>\u001b[39m\n          \u001b[0mS\u001b[0m\n        \u001b[36m</button>\u001b[39m\n        \u001b[36m<button\u001b[39m\n          \u001b[33mclass\u001b[39m=\u001b[32m\"rounded border border-zinc-200 bg-white px-2 py-1 text-[11px] font-semibold\"\u001b[39m\n          \u001b[33mtype\u001b[39m=\u001b[32m\"button\"\u001b[39m\n        \u001b[36m>\u001b[39m\n          \u001b[0mx²\u001b[0m\n        \u001b[36m</button>\u001b[39m\n        \u001b[36m<button\u001b[39m\n          \u001b[33mclass\u001b[39m=\u001b[32m\"rounded border border-zinc-200 bg-white px-2 py-1 text-[11px] font-semibold\"\u001b[39m\n          \u001b[33mtype\u001b[39m=\u001b[32m\"button\"\u001b[39m\n        \u001b[36m>\u001b[39m\n          \u001b[0mx₂\u001b[0m\n        \u001b[36m</button>\u001b[39m\n        \u001b[36m<div\u001b[39m\n          \u001b[33mclass\u001b[39m=\u001b[32m\"mx-1 h-5 w-px bg-zinc-200\"\u001b[39m\n        \u001b[36m/>\u001b[39m\n        \u001b[36m<button\u001b[39m\n          \u001b[33mclass\u001b[39m=\u001b[32m\"rounded border border-zinc-200 bg-white px-2 py-1 text-[11px] font-semibold\"\u001b[39m\n          \u001b[33mtype\u001b[39m=\u001b[32m\"button\"\u001b[39m\n        \u001b[36m>\u001b[39m\n          \u001b[0mH1\u001b[0m\n        \u001b[36m</button>\u001b[39m\n        \u001b[36m<button\u001b[39m\n          \u001b[33mclass\u001b[39m=\u001b[32m\"rounded border border-zinc-200 bg-white px-2 py-1 text-[11px] font-semibold\"\u001b[39m\n          \u001b[33mtype\u001b[39m=\u001b[32m\"button\"\u001b[39m\n        \u001b[36m>\u001b[39m\n          \u001b[0mH2\u001b[0m\n        \u001b[36m</button>\u001b[39m\n        \u001b[36m<button\u001b[39m\n          \u001b[33mclass\u001b[39m=\u001b[32m\"rounded border border-zinc-200 bg-white px-2 py-1 text-[11px] font-semibold\"\u001b[39m\n          \u001b[33mtype\u001b[39m=\u001b[32m\"button\"\u001b[39m\n        \u001b[36m>\u001b[39m\n          \u001b[0m• List\u001b[0m\n        \u001b[36m</button>\u001b[39m\n        \u001b[36m<button\u001b[39m\n          \u001b[33mclass\u001b[39m=\u001b[32m\"rounded border border-zinc-200 bg-white px-2 py-1 text-[11px] font-semibold\"\u001b[39m\n          \u001b[33mtype\u001b[39m=\u001b[32m\"button\"\u001b[39m\n        \u001b[36m>\u001b[39m\n          \u001b[0m1. List\u001b[0m\n        \u001b[36m</button>\u001b[39m\n        \u001b[36m<button\u001b[39m\n          \u001b[33mclass\u001b[39m=\u001b[32m\"rounded border border-zinc-200 bg-white px-2 py-1 text-[11px] font-semibold\"\u001b[39m\n          \u001b[33mtype\u001b[39m=\u001b[32m\"button\"\u001b[39m\n        \u001b[36m>\u001b[39m\n          \u001b[0m“ ”\u001b[0m\n        \u001b[36m</button>\u001b[39m\n        \u001b[36m<div\u001b[39m\n          \u001b[33mclass\u001b[39m=\u001b[32m\"mx-1 h-5 w-px bg-zinc-200\"\u001b[39m\n        \u001b[36m/>\u001b[39m\n        \u001b[36m<input\u001b[39m\n          \u001b[33mclass\u001b[39m=\u001b[32m\"h-8 w-10 rounded border border-zinc-200 bg-white p-1\"\u001b[39m\n          \u001b[33mtitle\u001b[39m=\u001b[32m\"Text color\"\u001b[39m\n          \u001b[33mtype\u001b[39m=\u001b[32m\"color\"\u001b[39m\n          \u001b[33mvalue\u001b[39m=\u001b[32m\"#111827\"\u001b[39m\n        \u001b[36m/>\u001b[39m\n        \u001b[36m<select\u001b[39m\n          \u001b[33mclass\u001b[39m=\u001b[32m\"rounded border border-zinc-200 bg-white px-2 py-1 text-[11px] font-semibold\"\u001b[39m\n        \u001b[36m>\u001b[39m\n          \u001b[36m<option\u001b[39m\n            \u001b[33mvalue\u001b[39m=\u001b[32m\"1\"\u001b[39m\n          \u001b[36m>\u001b[39m\n            \u001b[0mSize \u001b[0m\n            \u001b[0m1\u001b[0m\n          \u001b[36m</option>\u001b[39m\n          \u001b[36m<option\u001b[39m\n            \u001b[33mvalue\u001b[39m=\u001b[32m\"2\"\u001b[39m\n          \u001b[36m>\u001b[39m\n            \u001b[0mSize \u001b[0m\n            \u001b[0m2\u001b[0m\n          \u001b[36m</option>\u001b[39m\n          \u001b[36m<option\u001b[39m\n            \u001b[33mselected\u001b[39m=\u001b[32m\"\"\u001b[39m\n            \u001b[33mvalue\u001b[39m=\u001b[32m\"3\"\u001b[39m\n          \u001b[36m>\u001b[39m\n            \u001b[0mSize \u001b[0m\n            \u001b[0m3\u001b[0m\n          \u001b[36m</option>\u001b[39m\n          \u001b[36m<option\u001b[39m\n            \u001b[33mvalue\u001b[39m=\u001b[32m\"4\"\u001b[39m\n          \u001b[36m>\u001b[39m\n            \u001b[0mSize \u001b[0m\n            \u001b[0m4\u001b[0m\n          \u001b[36m</option>\u001b[39m\n          \u001b[36m<option\u001b[39m\n            \u001b[33mvalue\u001b[39m=\u001b[32m\"5\"\u001b[39m\n          \u001b[36m>\u001b[39m\n            \u001b[0mSize \u001b[0m\n            \u001b[0m5\u001b[0m\n          \u001b[36m</option>\u001b[39m\n          \u001b[36m<option\u001b[39m\n            \u001b[33mvalue\u001b[39m=\u001b[32m\"6\"\u001b[39m\n          \u001b[36m>\u001b[39m\n            \u001b[0mSize \u001b[0m\n            \u001b[0m6\u001b[0m\n          \u001b[36m</option>\u001b[39m\n          \u001b[36m<option\u001b[39m\n            \u001b[33mvalue\u001b[39m=\u001b[32m\"7\"\u001b[39m\n          \u001b[36m>\u001b[39m\n            \u001b[0mSize \u001b[0m\n            \u001b[0m7\u001b[0m\n          \u001b[36m</option>\u001b[39m\n        \u001b[36m</select>\u001b[39m\n        \u001b[36m<select\u001b[39m\n          \u001b[33mclass\u001b[39m=\u001b[32m\"rounded border border-zinc-200 bg-white px-2 py-1 text-[11px] font-semibold\"\u001b[39m\n        \u001b[36m>\u001b[39m\n          \u001b[36m<option\u001b[39m\n            \u001b[33mvalue\u001b[39m=\u001b[32m\"Arial\"\u001b[39m\n          \u001b[36m>\u001b[39m\n            \u001b[0mArial\u001b[0m\n          \u001b[36m</option>\u001b[39m\n          \u001b[36m<option\u001b[39m\n            \u001b[33mvalue\u001b[39m=\u001b[32m\"Verdana\"\u001b[39m\n          \u001b[36m>\u001b[39m\n            \u001b[0mVerdana\u001b[0m\n          \u001b[36m</option>\u001b[39m\n          \u001b[36m<option\u001b[39m\n            \u001b[33mvalue\u001b[39m=\u001b[32m\"Tahoma\"\u001b[39m\n          \u001b[36m>\u001b[39m\n            \u001b[0mTahoma\u001b[0m\n          \u001b[36m</option>\u001b[39m\n          \u001b[36m<option\u001b[39m\n            \u001b[33mvalue\u001b[39m=\u001b[32m\"Georgia\"\u001b[39m\n          \u001b[36m>\u001b[39m\n            \u001b[0mGeorgia\u001b[0m\n          \u001b[36m</option>\u001b[39m\n          \u001b[36m<option\u001b[39m\n            \u001b[33mvalue\u001b[39m=\u001b[32m\"Times New Roman\"\u001b[39m\n          \u001b[36m>\u001b[39m\n            \u001b[0mTimes New Roman\u001b[0m\n          \u001b[36m</option>\u001b[39m\n          \u001b[36m<option\u001b[39m\n            \u001b[33mvalue\u001b[39m=\u001b[32m\"Courier New\"\u001b[39m\n          \u001b[36m>\u001b[39m\n            \u001b[0mCourier New\u001b[0m\n          \u001b[36m</option>\u001b[39m\n        \u001b[36m</select>\u001b[39m\n        \u001b[36m<div\u001b[39m\n          \u001b[33mclass\u001b[39m=\u001b[32m\"mx-1 h-5 w-px bg-zinc-200\"\u001b[39m\n        \u001b[36m/>\u001b[39m\n        \u001b[36m<button\u001b[39m\n          \u001b[33mclass\u001b[39m=\u001b[32m\"rounded border border-zinc-200 bg-white px-2 py-1 text-[11px] font-semibold\"\u001b[39m\n          \u001b[33mtype\u001b[39m=\u001b[32m\"button\"\u001b[39m\n        \u001b[36m>\u001b[39m\n          \u001b[0mLink\u001b[0m\n        \u001b[36m</button>\u001b[39m\n        \u001b[36m<button\u001b[39m\n          \u001b[33mclass\u001b[39m=\u001b[32m\"rounded border border-zinc-200 bg-white px-2 py-1 text-[11px] font-semibold\"\u001b[39m\n          \u001b[33mtype\u001b[39m=\u001b[32m\"button\"\u001b[39m\n        \u001b[36m>\u001b[39m\n          \u001b[0mImage\u001b[0m\n        \u001b[36m</button>\u001b[39m\n        \u001b[36m<button\u001b[39m\n          \u001b[33mclass\u001b[39m=\u001b[32m\"rounded border border-zinc-200 bg-white px-2 py-1 text-[11px] font-semibold\"\u001b[39m\n          \u001b[33mtype\u001b[39m=\u001b[32m\"button\"\u001b[39m\n        \u001b[36m>\u001b[39m\n          \u001b[0mTable\u001b[0m\n        \u001b[36m</button>\u001b[39m\n        \u001b[36m<button\u001b[39m\n          \u001b[33mclass\u001b[39m=\u001b[32m\"ml-auto rounded border border-zinc-200 bg-white px-2 py-1 text-[11px] font-semibold\"\u001b[39m\n          \u001b[33mtype\u001b[39m=\u001b[32m\"button\"\u001b[39m\n        \u001b[36m>\u001b[39m\n          \u001b[0mClear\u001b[0m\n        \u001b[36m</button>\u001b[39m\n      \u001b[36m</div>\u001b[39m\n      \u001b[36m<div\u001b[39m\n        \u001b[33mclass\u001b[39m=\u001b[32m\"min-h-24 rounded-b-xl px-3 py-2 text-sm outline-none\"\u001b[39m\n        \u001b[33mcontenteditable\u001b[39m=\u001b[32m\"true\"\u001b[39m\n      \u001b[36m>\u001b[39m\n        \u001b[36m<p>\u001b[39m\n          \u001b[0mHello\u001b[0m\n        \u001b[36m</p>\u001b[39m\n      \u001b[36m</div>\u001b[39m\n    \u001b[36m</div>\u001b[39m\n  \u001b[36m</div>\u001b[39m\n\u001b[36m</body>\u001b[39m"],"location":{"line":37,"column":19}},{"ancestorTitles":["","RichTextEditor"],"fullName":" RichTextEditor runs clear formatting (removeFormat + unlink)","status":"failed","title":"runs clear formatting (removeFormat + unlink)","duration":84,"failureMessages":["Found multiple elements with the role \"button\" and name `/clear/i`\n\nHere are the matching elements:\n\nIgnored nodes: comments, script, style\n\u001b[36m<button\u001b[39m\n  \u001b[33mclass\u001b[39m=\u001b[32m\"ml-auto rounded border border-zinc-200 bg-white px-2 py-1 text-[11px] font-semibold\"\u001b[39m\n  \u001b[33mtype\u001b[39m=\u001b[32m\"button\"\u001b[39m\n\u001b[36m>\u001b[39m\n  \u001b[0mClear\u001b[0m\n\u001b[36m</button>\u001b[39m\n\nIgnored nodes: comments, script, style\n\u001b[36m<button\u001b[39m\n  \u001b[33mclass\u001b[39m=\u001b[32m\"ml-auto rounded border border-zinc-200 bg-white px-2 py-1 text-[11px] font-semibold\"\u001b[39m\n  \u001b[33mtype\u001b[39m=\u001b[32m\"button\"\u001b[39m\n\u001b[36m>\u001b[39m\n  \u001b[0mClear\u001b[0m\n\u001b[36m</button>\u001b[39m\n\nIgnored nodes: comments, script, style\n\u001b[36m<button\u001b[39m\n  \u001b[33mclass\u001b[39m=\u001b[32m\"ml-auto rounded border border-zinc-200 bg-white px-2 py-1 text-[11px] font-semibold\"\u001b[39m\n  \u001b[33mtype\u001b[39m=\u001b[32m\"button\"\u001b[39m\n\u001b[36m>\u001b[39m\n  \u001b[0mClear\u001b[0m\n\u001b[36m</button>\u001b[39m\n\n(If this is intentional, then use the `*AllBy*` variant of the query (like `queryAllByText`, `getAllByText`, or `findAllByText`)).\n\nIgnored nodes: comments, script, style\n\u001b[36m<body>\u001b[39m\n  \u001b[36m<div>\u001b[39m\n    \u001b[36m<div\u001b[39m\n      \u001b[33mclass\u001b[39m=\u001b[32m\"rounded-xl border border-zinc-200 bg-white\"\u001b[39m\n    \u001b[36m>\u001b[39m\n      \u001b[36m<div\u001b[39m\n        \u001b[33mclass\u001b[39m=\u001b[32m\"flex flex-wrap items-center gap-2 border-b border-zinc-200 bg-zinc-50 p-2\"\u001b[39m\n      \u001b[36m>\u001b[39m\n        \u001b[36m<button\u001b[39m\n          \u001b[33mclass\u001b[39m=\u001b[32m\"rounded border border-zinc-200 bg-white px-2 py-1 text-[11px] font-semibold\"\u001b[39m\n          \u001b[33mtype\u001b[39m=\u001b[32m\"button\"\u001b[39m\n        \u001b[36m>\u001b[39m\n          \u001b[0mB\u001b[0m\n        \u001b[36m</button>\u001b[39m\n        \u001b[36m<button\u001b[39m\n          \u001b[33mclass\u001b[39m=\u001b[32m\"rounded border border-zinc-200 bg-white px-2 py-1 text-[11px] font-semibold italic\"\u001b[39m\n          \u001b[33mtype\u001b[39m=\u001b[32m\"button\"\u001b[39m\n        \u001b[36m>\u001b[39m\n          \u001b[0mI\u001b[0m\n        \u001b[36m</button>\u001b[39m\n        \u001b[36m<button\u001b[39m\n          \u001b[33mclass\u001b[39m=\u001b[32m\"rounded border border-zinc-200 bg-white px-2 py-1 text-[11px] font-semibold underline\"\u001b[39m\n          \u001b[33mtype\u001b[39m=\u001b[32m\"button\"\u001b[39m\n        \u001b[36m>\u001b[39m\n          \u001b[0mU\u001b[0m\n        \u001b[36m</button>\u001b[39m\n        \u001b[36m<button\u001b[39m\n          \u001b[33mclass\u001b[39m=\u001b[32m\"rounded border border-zinc-200 bg-white px-2 py-1 text-[11px] font-semibold line-through\"\u001b[39m\n          \u001b[33mtype\u001b[39m=\u001b[32m\"button\"\u001b[39m\n        \u001b[36m>\u001b[39m\n          \u001b[0mS\u001b[0m\n        \u001b[36m</button>\u001b[39m\n        \u001b[36m<button\u001b[39m\n          \u001b[33mclass\u001b[39m=\u001b[32m\"rounded border border-zinc-200 bg-white px-2 py-1 text-[11px] font-semibold\"\u001b[39m\n          \u001b[33mtype\u001b[39m=\u001b[32m\"button\"\u001b[39m\n        \u001b[36m>\u001b[39m\n          \u001b[0mx²\u001b[0m\n        \u001b[36m</button>\u001b[39m\n        \u001b[36m<button\u001b[39m\n          \u001b[33mclass\u001b[39m=\u001b[32m\"rounded border border-zinc-200 bg-white px-2 py-1 text-[11px] font-semibold\"\u001b[39m\n          \u001b[33mtype\u001b[39m=\u001b[32m\"button\"\u001b[39m\n        \u001b[36m>\u001b[39m\n          \u001b[0mx₂\u001b[0m\n        \u001b[36m</button>\u001b[39m\n        \u001b[36m<div\u001b[39m\n          \u001b[33mclass\u001b[39m=\u001b[32m\"mx-1 h-5 w-px bg-zinc-200\"\u001b[39m\n        \u001b[36m/>\u001b[39m\n        \u001b[36m<button\u001b[39m\n          \u001b[33mclass\u001b[39m=\u001b[32m\"rounded border border-zinc-200 bg-white px-2 py-1 text-[11px] font-semibold\"\u001b[39m\n          \u001b[33mtype\u001b[39m=\u001b[32m\"button\"\u001b[39m\n        \u001b[36m>\u001b[39m\n          \u001b[0mH1\u001b[0m\n        \u001b[36m</button>\u001b[39m\n        \u001b[36m<button\u001b[39m\n          \u001b[33mclass\u001b[39m=\u001b[32m\"rounded border border-zinc-200 bg-white px-2 py-1 text-[11px] font-semibold\"\u001b[39m\n          \u001b[33mtype\u001b[39m=\u001b[32m\"button\"\u001b[39m\n        \u001b[36m>\u001b[39m\n          \u001b[0mH2\u001b[0m\n        \u001b[36m</button>\u001b[39m\n        \u001b[36m<button\u001b[39m\n          \u001b[33mclass\u001b[39m=\u001b[32m\"rounded border border-zinc-200 bg-white px-2 py-1 text-[11px] font-semibold\"\u001b[39m\n          \u001b[33mtype\u001b[39m=\u001b[32m\"button\"\u001b[39m\n        \u001b[36m>\u001b[39m\n          \u001b[0m• List\u001b[0m\n        \u001b[36m</button>\u001b[39m\n        \u001b[36m<button\u001b[39m\n          \u001b[33mclass\u001b[39m=\u001b[32m\"rounded border border-zinc-200 bg-white px-2 py-1 text-[11px] font-semibold\"\u001b[39m\n          \u001b[33mtype\u001b[39m=\u001b[32m\"button\"\u001b[39m\n        \u001b[36m>\u001b[39m\n          \u001b[0m1. List\u001b[0m\n        \u001b[36m</button>\u001b[39m\n        \u001b[36m<button\u001b[39m\n          \u001b[33mclass\u001b[39m=\u001b[32m\"rounded border border-zinc-200 bg-white px-2 py-1 text-[11px] font-semibold\"\u001b[39m\n          \u001b[33mtype\u001b[39m=\u001b[32m\"button\"\u001b[39m\n        \u001b[36m>\u001b[39m\n          \u001b[0m“ ”\u001b[0m\n        \u001b[36m</button>\u001b[39m\n        \u001b[36m<div\u001b[39m\n          \u001b[33mclass\u001b[39m=\u001b[32m\"mx-1 h-5 w-px bg-zinc-200\"\u001b[39m\n        \u001b[36m/>\u001b[39m\n        \u001b[36m<input\u001b[39m\n          \u001b[33mclass\u001b[39m=\u001b[32m\"h-8 w-10 rounded border border-zinc-200 bg-white p-1\"\u001b[39m\n          \u001b[33mtitle\u001b[39m=\u001b[32m\"Text color\"\u001b[39m\n          \u001b[33mtype\u001b[39m=\u001b[32m\"color\"\u001b[39m\n          \u001b[33mvalue\u001b[39m=\u001b[32m\"#111827\"\u001b[39m\n        \u001b[36m/>\u001b[39m\n        \u001b[36m<select\u001b[39m\n          \u001b[33mclass\u001b[39m=\u001b[32m\"rounded border border-zinc-200 bg-white px-2 py-1 text-[11px] font-semibold\"\u001b[39m\n        \u001b[36m>\u001b[39m\n          \u001b[36m<option\u001b[39m\n            \u001b[33mvalue\u001b[39m=\u001b[32m\"1\"\u001b[39m\n          \u001b[36m>\u001b[39m\n            \u001b[0mSize \u001b[0m\n            \u001b[0m1\u001b[0m\n          \u001b[36m</option>\u001b[39m\n          \u001b[36m<option\u001b[39m\n            \u001b[33mvalue\u001b[39m=\u001b[32m\"2\"\u001b[39m\n          \u001b[36m>\u001b[39m\n            \u001b[0mSize \u001b[0m\n            \u001b[0m2\u001b[0m\n          \u001b[36m</option>\u001b[39m\n          \u001b[36m<option\u001b[39m\n            \u001b[33mselected\u001b[39m=\u001b[32m\"\"\u001b[39m\n            \u001b[33mvalue\u001b[39m=\u001b[32m\"3\"\u001b[39m\n          \u001b[36m>\u001b[39m\n            \u001b[0mSize \u001b[0m\n            \u001b[0m3\u001b[0m\n          \u001b[36m</option>\u001b[39m\n          \u001b[36m<option\u001b[39m\n            \u001b[33mvalue\u001b[39m=\u001b[32m\"4\"\u001b[39m\n          \u001b[36m>\u001b[39m\n            \u001b[0mSize \u001b[0m\n            \u001b[0m4\u001b[0m\n          \u001b[36m</option>\u001b[39m\n          \u001b[36m<option\u001b[39m\n            \u001b[33mvalue\u001b[39m=\u001b[32m\"5\"\u001b[39m\n          \u001b[36m>\u001b[39m\n            \u001b[0mSize \u001b[0m\n            \u001b[0m5\u001b[0m\n          \u001b[36m</option>\u001b[39m\n          \u001b[36m<option\u001b[39m\n            \u001b[33mvalue\u001b[39m=\u001b[32m\"6\"\u001b[39m\n          \u001b[36m>\u001b[39m\n            \u001b[0mSize \u001b[0m\n            \u001b[0m6\u001b[0m\n          \u001b[36m</option>\u001b[39m\n          \u001b[36m<option\u001b[39m\n            \u001b[33mvalue\u001b[39m=\u001b[32m\"7\"\u001b[39m\n          \u001b[36m>\u001b[39m\n            \u001b[0mSize \u001b[0m\n            \u001b[0m7\u001b[0m\n          \u001b[36m</option>\u001b[39m\n        \u001b[36m</select>\u001b[39m\n        \u001b[36m<select\u001b[39m\n          \u001b[33mclass\u001b[39m=\u001b[32m\"rounded border border-zinc-200 bg-white px-2 py-1 text-[11px] font-semibold\"\u001b[39m\n        \u001b[36m>\u001b[39m\n          \u001b[36m<option\u001b[39m\n            \u001b[33mvalue\u001b[39m=\u001b[32m\"Arial\"\u001b[39m\n          \u001b[36m>\u001b[39m\n            \u001b[0mArial\u001b[0m\n          \u001b[36m</option>\u001b[39m\n          \u001b[36m<option\u001b[39m\n            \u001b[33mvalue\u001b[39m=\u001b[32m\"Verdana\"\u001b[39m\n          \u001b[36m>\u001b[39m\n            \u001b[0mVerdana\u001b[0m\n          \u001b[36m</option>\u001b[39m\n          \u001b[36m<option\u001b[39m\n            \u001b[33mvalue\u001b[39m=\u001b[32m\"Tahoma\"\u001b[39m\n          \u001b[36m>\u001b[39m\n            \u001b[0mTahoma\u001b[0m\n          \u001b[36m</option>\u001b[39m\n          \u001b[36m<option\u001b[39m\n            \u001b[33mvalue\u001b[39m=\u001b[32m\"Georgia\"\u001b[39m\n          \u001b[36m>\u001b[39m\n            \u001b[0mGeorgia\u001b[0m\n          \u001b[36m</option>\u001b[39m\n          \u001b[36m<option\u001b[39m\n            \u001b[33mvalue\u001b[39m=\u001b[32m\"Times New Roman\"\u001b[39m\n          \u001b[36m>\u001b[39m\n            \u001b[0mTimes New Roman\u001b[0m\n          \u001b[36m</option>\u001b[39m\n          \u001b[36m<option\u001b[39m\n            \u001b[33mvalue\u001b[39m=\u001b[32m\"Courier New\"\u001b[39m\n          \u001b[36m>\u001b[39m\n            \u001b[0mCourier New\u001b[0m\n          \u001b[36m</option>\u001b[39m\n        \u001b[36m</select>\u001b[39m\n        \u001b[36m<div\u001b[39m\n          \u001b[33mclass\u001b[39m=\u001b[32m\"mx-1 h-5 w-px bg-zinc-200\"\u001b[39m\n        \u001b[36m/>\u001b[39m\n        \u001b[36m<button\u001b[39m\n          \u001b[33mclass\u001b[39m=\u001b[32m\"rounded border border-zinc-200 bg-white px-2 py-1 text-[11px] font-semibold\"\u001b[39m\n          \u001b[33mtype\u001b[39m=\u001b[32m\"button\"\u001b[39m\n        \u001b[36m>\u001b[39m\n          \u001b[0mLink\u001b[0m\n        \u001b[36m</button>\u001b[39m\n        \u001b[36m<button\u001b[39m\n          \u001b[33mclass\u001b[39m=\u001b[32m\"rounded border border-zinc-200 bg-white px-2 py-1 text-[11px] font-semibold\"\u001b[39m\n          \u001b[33mtype\u001b[39m=\u001b[32m\"button\"\u001b[39m\n        \u001b[36m>\u001b[39m\n          \u001b[0mImage\u001b[0m\n        \u001b[36m</button>\u001b[39m\n        \u001b[36m<button\u001b[39m\n          \u001b[33mclass\u001b[39m=\u001b[32m\"rounded border border-zinc-200 bg-white px-2 py-1 text-[11px] font-semibold\"\u001b[39m\n          \u001b[33mtype\u001b[39m=\u001b[32m\"button\"\u001b[39m\n        \u001b[36m>\u001b[39m\n       ..."],"location":{"line":37,"column":19}}],"startTime":1777865014967,"endTime":1777865015303,"status":"failed","message":"","name":"C:/Users/USER/Desktop/Authenticity Certificate/frontend/src/components/admin/__tests__/RichTextEditor.test.jsx"},{"assertionResults":[{"ancestorTitles":["","admin pages"],"fullName":" admin pages shows new nav items","status":"passed","title":"shows new nav items","duration":84,"failureMessages":[]},{"ancestorTitles":["","admin pages"],"fullName":" admin pages guards Users page for non-super-admin","status":"passed","title":"guards Users page for non-super-admin","duration":23,"failureMessages":[]}],"startTime":1777865015429,"endTime":1777865015536,"status":"passed","message":"","name":"C:/Users/USER/Desktop/Authenticity Certificate/frontend/src/pages/admin/__tests__/adminPages.test.jsx"},{"assertionResults":[{"ancestorTitles":["","AdminSettings"],"fullName":" AdminSettings renders profile and system cards after loading","status":"failed","title":"renders profile and system cards after loading","duration":50,"failureMessages":["Unable to find an element with the text: /Settings/i. This could be because the text is broken up by multiple elements. In this case, you can provide a function for your text matcher to make your matcher more flexible.\n\nIgnored nodes: comments, script, style\n\u001b[36m<body>\u001b[39m\n  \u001b[36m<div>\u001b[39m\n    \u001b[36m<div\u001b[39m\n      \u001b[33mclass\u001b[39m=\u001b[32m\"p-4 sm:p-6 lg:p-8\"\u001b[39m\n    \u001b[36m>\u001b[39m\n      \u001b[36m<div\u001b[39m\n        \u001b[33mclass\u001b[39m=\u001b[32m\"animate-pulse\"\u001b[39m\n      \u001b[36m>\u001b[39m\n        \u001b[36m<div\u001b[39m\n          \u001b[33mclass\u001b[39m=\u001b[32m\"h-4 w-40 rounded bg-zinc-200\"\u001b[39m\n        \u001b[36m/>\u001b[39m\n        \u001b[36m<div\u001b[39m\n          \u001b[33mclass\u001b[39m=\u001b[32m\"mt-2 h-3 w-64 rounded bg-zinc-200\"\u001b[39m\n        \u001b[36m/>\u001b[39m\n        \u001b[36m<div\u001b[39m\n          \u001b[33mclass\u001b[39m=\u001b[32m\"mt-6 space-y-3\"\u001b[39m\n        \u001b[36m>\u001b[39m\n          \u001b[36m<div\u001b[39m\n            \u001b[33mclass\u001b[39m=\u001b[32m\"h-40 rounded-xl border border-zinc-200 bg-white\"\u001b[39m\n          \u001b[36m/>\u001b[39m\n          \u001b[36m<div\u001b[39m\n            \u001b[33mclass\u001b[39m=\u001b[32m\"h-40 rounded-xl border border-zinc-200 bg-white\"\u001b[39m\n          \u001b[36m/>\u001b[39m\n        \u001b[36m</div>\u001b[39m\n      \u001b[36m</div>\u001b[39m\n    \u001b[36m</div>\u001b[39m\n  \u001b[36m</div>\u001b[39m\n\u001b[36m</body>\u001b[39m"],"location":{"line":37,"column":19}},{"ancestorTitles":["","AdminSettings"],"fullName":" AdminSettings disables email editing for operator","status":"passed","title":"disables email editing for operator","duration":83,"failureMessages":[]},{"ancestorTitles":["","AdminSettings"],"fullName":" AdminSettings prevents system edits for admin role","status":"failed","title":"prevents system edits for admin role","duration":1031,"failureMessages":["Found multiple elements with the text: /System settings/i\n\nHere are the matching elements:\n\nIgnored nodes: comments, script, style\n\u001b[36m<div\u001b[39m\n  \u001b[33mclass\u001b[39m=\u001b[32m\"text-sm text-zinc-600\"\u001b[39m\n\u001b[36m>\u001b[39m\n  \u001b[0mManage your profile and system settings.\u001b[0m\n\u001b[36m</div>\u001b[39m\n\nIgnored nodes: comments, script, style\n\u001b[36m<div\u001b[39m\n  \u001b[33mclass\u001b[39m=\u001b[32m\"text-sm font-semibold text-zinc-900\"\u001b[39m\n\u001b[36m>\u001b[39m\n  \u001b[0mSystem settings\u001b[0m\n\u001b[36m</div>\u001b[39m\n\nIgnored nodes: comments, script, style\n\u001b[36m<div\u001b[39m\n  \u001b[33mclass\u001b[39m=\u001b[32m\"mt-4 rounded-lg border border-zinc-200 bg-zinc-50 px-3 py-2 text-sm text-zinc-700\"\u001b[39m\n\u001b[36m>\u001b[39m\n  \u001b[0mOnly Super Admin can edit system settings.\u001b[0m\n\u001b[36m</div>\u001b[39m\n\nIgnored nodes: comments, script, style\n\u001b[36m<div\u001b[39m\n  \u001b[33mclass\u001b[39m=\u001b[32m\"text-sm text-zinc-600\"\u001b[39m\n\u001b[36m>\u001b[39m\n  \u001b[0mManage your profile and system settings.\u001b[0m\n\u001b[36m</div>\u001b[39m\n\nIgnored nodes: comments, script, style\n\u001b[36m<div\u001b[39m\n  \u001b[33mclass\u001b[39m=\u001b[32m\"text-sm font-semibold text-zinc-900\"\u001b[39m\n\u001b[36m>\u001b[39m\n  \u001b[0mSystem settings\u001b[0m\n\u001b[36m</div>\u001b[39m\n\nIgnored nodes: comments, script, style\n\u001b[36m<div\u001b[39m\n  \u001b[33mclass\u001b[39m=\u001b[32m\"mt-4 rounded-lg border border-zinc-200 bg-zinc-50 px-3 py-2 text-sm text-zinc-700\"\u001b[39m\n\u001b[36m>\u001b[39m\n  \u001b[0mOnly Super Admin can edit system settings.\u001b[0m\n\u001b[36m</div>\u001b[39m\n\nIgnored nodes: comments, script, style\n\u001b[36m<div\u001b[39m\n  \u001b[33mclass\u001b[39m=\u001b[32m\"text-sm text-zinc-600\"\u001b[39m\n\u001b[36m>\u001b[39m\n  \u001b[0mManage your profile and system settings.\u001b[0m\n\u001b[36m</div>\u001b[39m\n\nIgnored nodes: comments, script, style\n\u001b[36m<div\u001b[39m\n  \u001b[33mclass\u001b[39m=\u001b[32m\"text-sm font-semibold text-zinc-900\"\u001b[39m\n\u001b[36m>\u001b[39m\n  \u001b[0mSystem settings\u001b[0m\n\u001b[36m</div>\u001b[39m\n\nIgnored nodes: comments, script, style\n\u001b[36m<div\u001b[39m\n  \u001b[33mclass\u001b[39m=\u001b[32m\"mt-4 rounded-lg border border-zinc-200 bg-zinc-50 px-3 py-2 text-sm text-zinc-700\"\u001b[39m\n\u001b[36m>\u001b[39m\n  \u001b[0mOnly Super Admin can edit system settings.\u001b[0m\n\u001b[36m</div>\u001b[39m\n\n(If this is intentional, then use the `*AllBy*` variant of the query (like `queryAllByText`, `getAllByText`, or `findAllByText`)).\n\nIgnored nodes: comments, script, style\n\u001b[36m<body>\u001b[39m\n  \u001b[36m<div>\u001b[39m\n    \u001b[36m<div\u001b[39m\n      \u001b[33mclass\u001b[39m=\u001b[32m\"p-4 sm:p-6 lg:p-8\"\u001b[39m\n    \u001b[36m>\u001b[39m\n      \u001b[36m<div\u001b[39m\n        \u001b[33mclass\u001b[39m=\u001b[32m\"mb-2 text-base font-semibold text-zinc-900\"\u001b[39m\n      \u001b[36m>\u001b[39m\n        \u001b[0mSettings\u001b[0m\n      \u001b[36m</div>\u001b[39m\n      \u001b[36m<div\u001b[39m\n        \u001b[33mclass\u001b[39m=\u001b[32m\"text-sm text-zinc-600\"\u001b[39m\n      \u001b[36m>\u001b[39m\n        \u001b[0mManage your profile and system settings.\u001b[0m\n      \u001b[36m</div>\u001b[39m\n      \u001b[36m<div\u001b[39m\n        \u001b[33mclass\u001b[39m=\u001b[32m\"mt-6\"\u001b[39m\n      \u001b[36m>\u001b[39m\n        \u001b[36m<div\u001b[39m\n          \u001b[33mclass\u001b[39m=\u001b[32m\"rounded-xl border border-zinc-200 bg-white p-4\"\u001b[39m\n        \u001b[36m>\u001b[39m\n          \u001b[36m<div\u001b[39m\n            \u001b[33mclass\u001b[39m=\u001b[32m\"text-sm font-semibold text-zinc-900\"\u001b[39m\n          \u001b[36m>\u001b[39m\n            \u001b[0mProfile settings\u001b[0m\n          \u001b[36m</div>\u001b[39m\n          \u001b[36m<div\u001b[39m\n            \u001b[33mclass\u001b[39m=\u001b[32m\"mt-1 text-xs text-zinc-500\"\u001b[39m\n          \u001b[36m>\u001b[39m\n            \u001b[0mUpdate your profile details and password.\u001b[0m\n          \u001b[36m</div>\u001b[39m\n          \u001b[36m<div\u001b[39m\n            \u001b[33mclass\u001b[39m=\u001b[32m\"mt-4 grid grid-cols-1 gap-4 sm:grid-cols-2\"\u001b[39m\n          \u001b[36m>\u001b[39m\n            \u001b[36m<div>\u001b[39m\n              \u001b[36m<label\u001b[39m\n                \u001b[33mclass\u001b[39m=\u001b[32m\"text-xs font-medium text-zinc-700\"\u001b[39m\n                \u001b[33mfor\u001b[39m=\u001b[32m\"profile-name\"\u001b[39m\n              \u001b[36m>\u001b[39m\n                \u001b[0mName\u001b[0m\n              \u001b[36m</label>\u001b[39m\n              \u001b[36m<div\u001b[39m\n                \u001b[33mclass\u001b[39m=\u001b[32m\"mt-2\"\u001b[39m\n              \u001b[36m>\u001b[39m\n                \u001b[36m<input\u001b[39m\n                  \u001b[33mclass\u001b[39m=\u001b[32m\"w-full rounded-lg border border-zinc-200 px-3 py-2 text-sm text-zinc-900 placeholder:text-zinc-400 focus:border-blue-600 focus:outline-none focus:ring-2 focus:ring-blue-600/30 disabled:bg-zinc-50 disabled:text-zinc-500\"\u001b[39m\n                  \u001b[33mid\u001b[39m=\u001b[32m\"profile-name\"\u001b[39m\n                  \u001b[33mtype\u001b[39m=\u001b[32m\"text\"\u001b[39m\n                  \u001b[33mvalue\u001b[39m=\u001b[32m\"Admin\"\u001b[39m\n                \u001b[36m/>\u001b[39m\n              \u001b[36m</div>\u001b[39m\n            \u001b[36m</div>\u001b[39m\n            \u001b[36m<div>\u001b[39m\n              \u001b[36m<label\u001b[39m\n                \u001b[33mclass\u001b[39m=\u001b[32m\"text-xs font-medium text-zinc-700\"\u001b[39m\n                \u001b[33mfor\u001b[39m=\u001b[32m\"profile-email\"\u001b[39m\n              \u001b[36m>\u001b[39m\n                \u001b[0mEmail\u001b[0m\n              \u001b[36m</label>\u001b[39m\n              \u001b[36m<div\u001b[39m\n                \u001b[33mclass\u001b[39m=\u001b[32m\"mt-2\"\u001b[39m\n              \u001b[36m>\u001b[39m\n                \u001b[36m<input\u001b[39m\n                  \u001b[33mclass\u001b[39m=\u001b[32m\"w-full rounded-lg border border-zinc-200 px-3 py-2 text-sm text-zinc-900 placeholder:text-zinc-400 focus:border-blue-600 focus:outline-none focus:ring-2 focus:ring-blue-600/30 disabled:bg-zinc-50 disabled:text-zinc-500\"\u001b[39m\n                  \u001b[33mid\u001b[39m=\u001b[32m\"profile-email\"\u001b[39m\n                  \u001b[33mtype\u001b[39m=\u001b[32m\"email\"\u001b[39m\n                  \u001b[33mvalue\u001b[39m=\u001b[32m\"admin@local.test\"\u001b[39m\n                \u001b[36m/>\u001b[39m\n              \u001b[36m</div>\u001b[39m\n            \u001b[36m</div>\u001b[39m\n            \u001b[36m<div>\u001b[39m\n              \u001b[36m<label\u001b[39m\n                \u001b[33mclass\u001b[39m=\u001b[32m\"text-xs font-medium text-zinc-700\"\u001b[39m\n                \u001b[33mfor\u001b[39m=\u001b[32m\"profile-role\"\u001b[39m\n              \u001b[36m>\u001b[39m\n                \u001b[0mRole\u001b[0m\n              \u001b[36m</label>\u001b[39m\n              \u001b[36m<div\u001b[39m\n                \u001b[33mclass\u001b[39m=\u001b[32m\"mt-2\"\u001b[39m\n              \u001b[36m>\u001b[39m\n                \u001b[36m<input\u001b[39m\n                  \u001b[33mclass\u001b[39m=\u001b[32m\"w-full rounded-lg border border-zinc-200 px-3 py-2 text-sm text-zinc-900 placeholder:text-zinc-400 focus:border-blue-600 focus:outline-none focus:ring-2 focus:ring-blue-600/30 disabled:bg-zinc-50 disabled:text-zinc-500\"\u001b[39m\n                  \u001b[33mdisabled\u001b[39m=\u001b[32m\"\"\u001b[39m\n                  \u001b[33mid\u001b[39m=\u001b[32m\"profile-role\"\u001b[39m\n                  \u001b[33mtype\u001b[39m=\u001b[32m\"text\"\u001b[39m\n                  \u001b[33mvalue\u001b[39m=\u001b[32m\"super_admin\"\u001b[39m\n                \u001b[36m/>\u001b[39m\n              \u001b[36m</div>\u001b[39m\n            \u001b[36m</div>\u001b[39m\n          \u001b[36m</div>\u001b[39m\n          \u001b[36m<div\u001b[39m\n            \u001b[33mclass\u001b[39m=\u001b[32m\"mt-5 grid grid-cols-1 gap-4 sm:grid-cols-2\"\u001b[39m\n          \u001b[36m>\u001b[39m\n            \u001b[36m<div\u001b[39m\n              \u001b[33mclass\u001b[39m=\u001b[32m\"hidden sm:block\"\u001b[39m\n            \u001b[36m/>\u001b[39m\n            \u001b[36m<div>\u001b[39m\n              \u001b[36m<label\u001b[39m\n                \u001b[33mclass\u001b[39m=\u001b[32m\"text-xs font-medium text-zinc-700\"\u001b[39m\n                \u001b[33mfor\u001b[39m=\u001b[32m\"profile-new-password\"\u001b[39m\n              \u001b[36m>\u001b[39m\n                \u001b[0mNew password\u001b[0m\n              \u001b[36m</label>\u001b[39m\n              \u001b[36m<div\u001b[39m\n                \u001b[33mclass\u001b[39m=\u001b[32m\"mt-2\"\u001b[39m\n              \u001b[36m>\u001b[39m\n                \u001b[36m<input\u001b[39m\n                  \u001b[33mclass\u001b[39m=\u001b[32m\"w-full rounded-lg border border-zinc-200 px-3 py-2 text-sm text-zinc-900 placeholder:text-zinc-400 focus:border-blue-600 focus:outline-none focus:ring-2 focus:ring-blue-600/30 disabled:bg-zinc-50 disabled:text-zinc-500\"\u001b[39m\n                  \u001b[33mid\u001b[39m=\u001b[32m\"profile-new-password\"\u001b[39m\n                  \u001b[33mplaceholder\u001b[39m=\u001b[32m\"Leave blank to keep current password\"\u001b[39m\n                  \u001b[33mtype\u001b[39m=\u001b[32m\"password\"\u001b[39m\n                  \u001b[33mvalue\u001b[39m=\u001b[32m\"\"\u001b[39m\n                \u001b[36m/>\u001b[39m\n              \u001b[36m</div>\u001b[39m\n            \u001b[36m</div>\u001b[39m\n            \u001b[36m<div>\u001b[39m\n              \u001b[36m<label\u001b[39m\n                \u001b[33mclass\u001b[39m=\u001b[32m\"text-xs font-medium text-zinc-700\"\u001b[39m\n                \u001b[33mfor\u001b[39m=\u001b[32m\"profile-confirm-new-password\"\u001b[39m\n              \u001b[36m>\u001b[39m\n                \u001b[0mConfirm new password\u001b[0m\n              \u001b[36m</label>\u001b[39m\n              \u001b[36m<div\u001b[39m\n                \u001b[33mclass\u001b[39m=\u001b[32m\"mt-2\"\u001b[39m\n              \u001b[36m>\u001b[39m\n                \u001b[36m<input\u001b[39m\n                  \u001b[33mclass\u001b[39m=\u001b[32m\"w-full rounded-lg border border-zinc-200 px-3 py-2 text-sm text-zinc-900 placeholder:text-zinc-400 focus:border-blue-600 focus:outline-none focus:ring-2 focus:ring-blue-600/30 disabled:bg-zinc-50 disabled:text-zinc-500\"\u001b[39m\n                  \u001b[33mid\u001b[39m=\u001b[32m\"profile-confirm-new-password\"\u001b[39m\n                  \u001b[33mtype\u001b[39m=\u001b[32m\"password\"\u001b[39m\n                  \u001b[33mvalue\u001b[39m=\u001b[32m\"\"\u001b[39m\n                \u001b[36m/>\u001b[39m\n              \u001b[36m</div>\u001b[39m\n            \u001b[36m</div>\u001b[39m\n          \u001b[36m</div>\u001b[39m\n          \u001b[36m<div\u001b[39m\n            \u001b[33mclass\u001b[39m=\u001b[32m\"mt-5 flex justify-end\"\u001b[39m\n          \u001b[36m>\u001b[39m\n            \u001b[36m<button\u001b[39m\n              \u001b[33mclass\u001b[39m=\u001b[32m\"rounded-lg bg-blue-600 px-4 py-2 text-sm font-semibold text-white transition hover:bg-blue-700 disabled:cursor-not-allowed disabled:opacity-50\"\u001b[39m\n              \u001b[33mdisabled\u001b[39m=\u001b[32m\"\"\u001b[39m\n              \u001b[33mtype\u001b[39m=\u001b[32m\"button\"\u001b[39m\n            \u001b[36m>\u001b[39m\n              \u001b[0mSave Changes\u001b[0m\n            \u001b[36m</button>\u001b[39m\n          \u001b[36m</div>\u001b[39m\n        \u001b[36m</div>\u001b[39m\n      \u001b[36m</div>\u001b[39m\n      \u001b[36m<div\u001b[39m\n        \u001b[33mclass\u001b[39m=\u001b[32m\"mt-...\n\nIgnored nodes: comments, script, style\n\u001b[36m<body>\u001b[39m\n  \u001b[36m<div>\u001b[39m\n    \u001b[36m<div\u001b[39m\n      \u001b[33mclass\u001b[39m=\u001b[32m\"p-4 sm:p-6 lg:p-8\"\u001b[39m\n    \u001b[36m>\u001b[39m\n      \u001b[36m<div\u001b[39m\n        \u001b[33mclass\u001b[39m=\u001b[32m\"mb-2 text-base font-semibold text-zinc-900\"\u001b[39m\n      \u001b[36m>\u001b[39m\n        \u001b[0mSettings\u001b[0m\n      \u001b[36m</div>\u001b[39m\n      \u001b[36m<div\u001b[39m\n        \u001b[33mclass\u001b[39m=\u001b[32m\"text-sm text-zinc-600\"\u001b[39m\n      \u001b[36m>\u001b[39m\n        \u001b[0mManage your profile and system settings.\u001b[0m\n      \u001b[36m</div>\u001b[39m\n      \u001b[36m<div\u001b[39m\n        \u001b[33mclass\u001b[39m=\u001b[32m\"mt-6\"\u001b[39m\n      \u001b[36m>\u001b[39m\n        \u001b[36m<div\u001b[39m\n          \u001b[33mclass\u001b[39m=\u001b[32m\"rounded-xl border border-zinc-200 bg-white p-4\"\u001b[39m\n        \u001b[36m>\u001b[39m\n          \u001b[36m<div\u001b[39m\n            \u001b[33mclass\u001b[39m=\u001b[32m\"text-sm font-semibold text-zinc-900\"\u001b[39m\n          \u001b[36m>\u001b[39m\n            \u001b[0mProfile settings\u001b[0m\n          \u001b[36m</div>\u001b[39m\n          \u001b[36m<div\u001b[39m\n            \u001b[33mclass\u001b[39m=\u001b[32m\"mt-1 text-xs text-zinc-500\"\u001b[39m\n          \u001b[36m>\u001b[39m\n            \u001b[0mUpdate your profile details and password.\u001b[0m\n          \u001b[36m</div>\u001b[39m\n          \u001b[36m<div\u001b[39m\n            \u001b[33mclass\u001b[39m=\u001b[32m\"mt-4 grid grid-cols-1 gap-4 sm:grid-cols-2\"\u001b[39m\n          \u001b[36m>\u001b[39m\n            \u001b[36m<div>\u001b[39m\n              \u001b[36m<label\u001b[39m\n                \u001b[33mclass\u001b[39m=\u001b[32m\"text-xs font-medium text-zinc-700\"\u001b[39m\n                \u001b[33mfor\u001b[39m=\u001b[32m\"profile-name\"\u001b[39m\n              \u001b[36m>\u001b[39m\n                \u001b[0mName\u001b[0m\n              \u001b[36m</label>\u001b[39m\n              \u001b[36m<div\u001b[39m\n                \u001b[33mclass\u001b[39m=\u001b[32m\"mt-2\"\u001b[39m\n              \u001b[36m>\u001b[39m\n                \u001b[36m<input\u001b[39m\n                  \u001b[33mclass\u001b[39m=\u001b[32m\"w-full rounded-lg border border-zinc-200 px-3 py-2 text-sm text-zinc-900 placeholder:text-zinc-400 focus:border-blue-600 focus:outline-none focus:ring-2 focus:ring-blue-600/30 disabled:bg-zinc-50 disabled:text-zinc-500\"\u001b[39m\n                  \u001b[33mid\u001b[39m=\u001b[32m\"profile-name\"\u001b[39m\n                  \u001b[33mtype\u001b[39m=\u001b[32m\"text\"\u001b[39m\n                  \u001b[33mvalue\u001b[39m=\u001b[32m\"Admin\"\u001b[39m\n                \u001b[36m/>\u001b[39m\n              \u001b[36m</div>\u001b[39m\n            \u001b[36m</div>\u001b[39m\n            \u001b[36m<div>\u001b[39m\n              \u001b[36m<label\u001b[39m\n                \u001b[33mclass\u001b[39m=\u001b[32m\"text-xs font-medium text-zinc-700\"\u001b[39m\n                \u001b[33mfor\u001b[39m=\u001b[32m\"profile-email\"\u001b[39m\n              \u001b[36m>\u001b[39m\n                \u001b[0mEmail\u001b[0m\n              \u001b[36m</label>\u001b[39m\n              \u001b[36m<div\u001b[39m\n                \u001b[33mclass\u001b[39m=\u001b[32m\"mt-2\"\u001b[39m\n              \u001b[36m>\u001b[39m\n                \u001b[36m<input\u001b[39m\n                  \u001b[33mclass\u001b[39m=\u001b[32m\"w-full rounded-lg border border-zinc-200 px-3 py-2 text-sm text-zinc-900 placeholder:text-zinc-400 focus:border-blue-600 focus:outline-none focus:ring-2 focus:ring-blue-600/30 disabled:bg-zinc-50 disabled:text-zinc-500\"\u001b[39m\n                  \u001b[33mid\u001b[39m=\u001b[32m\"profile-email\"\u001b[39m\n                  \u001b[33mtype\u001b[39m=\u001b[32m\"email\"\u001b[39m\n                  \u001b[33mvalue\u001b[39m=\u001b[32m\"admin@local.test\"\u001b[39m\n                \u001b[36m/>\u001b[39m\n              \u001b[36m</div>\u001b[39m\n            \u001b[36m</div>\u001b[39m\n            \u001b[36m<div>\u001b[39m\n              \u001b[36m<label\u001b[39m\n                \u001b[33mclass\u001b[39m=\u001b[32m\"text-xs font-medium text-zinc-700\"\u001b[39m\n                \u001b[33mfor\u001b[39m=\u001b[32m\"profile-role\"\u001b[39m\n              \u001b[36m>\u001b[39m\n                \u001b[0mRole\u001b[0m\n              \u001b[36m</label>\u001b[39m\n              \u001b[36m<div\u001b[39m\n                \u001b[33mclass\u001b[39m=\u001b[32m\"mt-2\"\u001b[39m\n              \u001b[36m>\u001b[39m\n                \u001b[36m<input\u001b[39m\n                  \u001b[33mclass\u001b[39m=\u001b[32m\"w-full rounded-lg border border-zinc-200 px-3 py-2 text-sm text-zinc-900 placeholder:text-zinc-400 focus:border-blue-600 focus:outline-none focus:ring-2 focus:ring-blue-600/30 disabled:bg-zinc-50 disabled:text-zinc-500\"\u001b[39m\n                  \u001b[33mdisabled\u001b[39m=\u001b[32m\"\"\u001b[39m\n                  \u001b[33mid\u001b[39m=\u001b[32m\"profile-role\"\u001b[39m\n                  \u001b[33mtype\u001b[39m=\u001b[32m\"text\"\u001b[39m\n                  \u001b[33mvalue\u001b[39m=\u001b[32m\"super_admin\"\u001b[39m\n                \u001b[36m/>\u001b[39m\n              \u001b[36m</div>\u001b[39m\n            \u001b[36m</div>\u001b[39m\n          \u001b[36m</div>\u001b[39m\n          \u001b[36m<div\u001b[39m\n            \u001b[33mclass\u001b[39m=\u001b[32m\"mt-5 grid grid-cols-1 gap-4 sm:grid-cols-2\"\u001b[39m\n          \u001b[36m>\u001b[39m\n            \u001b[36m<div\u001b[39m\n              \u001b[33mclass\u001b[39m=\u001b[32m\"hidden sm:block\"\u001b[39m\n            \u001b[36m/>\u001b[39m\n            \u001b[36m<div>\u001b[39m\n              \u001b[36m<label\u001b[39m\n                \u001b[33mclass\u001b[39m=\u001b[32m\"text-xs font-medium text-zinc-700\"\u001b[39m\n                \u001b[33mfor\u001b[39m=\u001b[32m\"profile-new-password\"\u001b[39m\n              \u001b[36m>\u001b[39m\n                \u001b[0mNew password\u001b[0m\n              \u001b[36m</label>\u001b[39m\n              \u001b[36m<div\u001b[39m\n                \u001b[33mclass\u001b[39m=\u001b[32m\"mt-2\"\u001b[39m\n              \u001b[36m>\u001b[39m\n                \u001b[36m<input\u001b[39m\n                  \u001b[33mclass\u001b[39m=\u001b[32m\"w-full rounded-lg border border-zinc-200 px-3 py-2 text-sm text-zinc-900 placeholder:text-zinc-400 focus:border-blue-600 focus:outline-none focus:ring-2 focus:ring-blue-600/30 disabled:bg-zinc-50 disabled:text-zinc-500\"\u001b[39m\n                  \u001b[33mid\u001b[39m=\u001b[32m\"profile-new-password\"\u001b[39m\n                  \u001b[33mplaceholder\u001b[39m=\u001b[32m\"Leave blank to keep current password\"\u001b[39m\n                  \u001b[33mtype\u001b[39m=\u001b[32m\"password\"\u001b[39m\n                  \u001b[33mvalue\u001b[39m=\u001b[32m\"\"\u001b[39m\n                \u001b[36m/>\u001b[39m\n              \u001b[36m</div>\u001b[39m\n            \u001b[36m</div>\u001b[39m\n            \u001b[36m<div>\u001b[39m\n              \u001b[36m<label\u001b[39m\n                \u001b[33mclass\u001b[39m=\u001b[32m\"text-xs font-medium text-zinc-700\"\u001b[39m\n                \u001b[33mfor\u001b[39m=\u001b[32m\"profile-confirm-new-password\"\u001b[39m\n              \u001b[36m>\u001b[39m\n                \u001b[0mConfirm new password\u001b[0m\n              \u001b[36m</label>\u001b[39m\n              \u001b[36m<div\u001b[39m\n                \u001b[33mclass\u001b[39m=\u001b[32m\"mt-2\"\u001b[39m\n              \u001b[36m>\u001b[39m\n                \u001b[36m<input\u001b[39m\n                  \u001b[33mclass\u001b[39m=\u001b[32m\"w-full rounded-lg border border-zinc-200 px-3 py-2 text-sm text-zinc-900 placeholder:text-zinc-400 focus:border-blue-600 focus:outline-none focus:ring-2 focus:ring-blue-600/30 disabled:bg-zinc-50 disabled:text-zinc-500\"\u001b[39m\n                  \u001b[33mid\u001b[39m=\u001b[32m\"profile-confirm-new-password\"\u001b[39m\n                  \u001b[33mtype\u001b[39m=\u001b[32m\"password\"\u001b[39m\n                  \u001b[33mvalue\u001b[39m=\u001b[32m\"\"\u001b[39m\n                \u001b[36m/>\u001b[39m\n              \u001b[36m</div>\u001b[39m\n            \u001b[36m</div>\u001b[39m\n          \u001b[36m</div>\u001b[39m\n          \u001b[36m<div\u001b[39m\n            \u001b[33mclass\u001b[39m=\u001b[32m\"mt-5 flex justify-end\"\u001b[39m\n          \u001b[36m>\u001b[39m\n            \u001b[36m<button\u001b[39m\n              \u001b[33mclass\u001b[39m=\u001b[32m\"rounded-lg bg-blue-600 px-4 py-2 text-sm font-semibold text-white transition hover:bg-blue-700 disabled:cursor-not-allowed disabled:opacity-50\"\u001b[39m\n              \u001b[33mdisabled\u001b[39m=\u001b[32m\"\"\u001b[39m\n              \u001b[33mtype\u001b[39m=\u001b[32m\"button\"\u001b[39m\n            \u001b[36m>\u001b[39m\n              \u001b[0mSave Changes\u001b[0m\n            \u001b[36m</button>\u001b[39m\n          \u001b[36m</div>\u001b[39m\n        \u001b[36m</div>\u001b[39m\n      \u001b[36m</div>\u001b[39m\n      \u001b[36m<div\u001b[39m\n        \u001b[33mclass\u001b[39m=\u001b[32m\"mt-..."],"location":{"line":163,"column":27}},{"ancestorTitles":["","AdminSettings"],"fullName":" AdminSettings validates password change requires current password","status":"failed","title":"validates password change requires current password","duration":1018,"failureMessages":["Found multiple elements with the text: /Profile settings/i\n\nHere are the matching elements:\n\nIgnored nodes: comments, script, style\n\u001b[36m<div\u001b[39m\n  \u001b[33mclass\u001b[39m=\u001b[32m\"text-sm font-semibold text-zinc-900\"\u001b[39m\n\u001b[36m>\u001b[39m\n  \u001b[0mProfile settings\u001b[0m\n\u001b[36m</div>\u001b[39m\n\nIgnored nodes: comments, script, style\n\u001b[36m<div\u001b[39m\n  \u001b[33mclass\u001b[39m=\u001b[32m\"text-sm font-semibold text-zinc-900\"\u001b[39m\n\u001b[36m>\u001b[39m\n  \u001b[0mProfile settings\u001b[0m\n\u001b[36m</div>\u001b[39m\n\nIgnored nodes: comments, script, style\n\u001b[36m<div\u001b[39m\n  \u001b[33mclass\u001b[39m=\u001b[32m\"text-sm font-semibold text-zinc-900\"\u001b[39m\n\u001b[36m>\u001b[39m\n  \u001b[0mProfile settings\u001b[0m\n\u001b[36m</div>\u001b[39m\n\nIgnored nodes: comments, script, style\n\u001b[36m<div\u001b[39m\n  \u001b[33mclass\u001b[39m=\u001b[32m\"text-sm font-semibold text-zinc-900\"\u001b[39m\n\u001b[36m>\u001b[39m\n  \u001b[0mProfile settings\u001b[0m\n\u001b[36m</div>\u001b[39m\n\n(If this is intentional, then use the `*AllBy*` variant of the query (like `queryAllByText`, `getAllByText`, or `findAllByText`)).\n\nIgnored nodes: comments, script, style\n\u001b[36m<body>\u001b[39m\n  \u001b[36m<div>\u001b[39m\n    \u001b[36m<div\u001b[39m\n      \u001b[33mclass\u001b[39m=\u001b[32m\"p-4 sm:p-6 lg:p-8\"\u001b[39m\n    \u001b[36m>\u001b[39m\n      \u001b[36m<div\u001b[39m\n        \u001b[33mclass\u001b[39m=\u001b[32m\"mb-2 text-base font-semibold text-zinc-900\"\u001b[39m\n      \u001b[36m>\u001b[39m\n        \u001b[0mSettings\u001b[0m\n      \u001b[36m</div>\u001b[39m\n      \u001b[36m<div\u001b[39m\n        \u001b[33mclass\u001b[39m=\u001b[32m\"text-sm text-zinc-600\"\u001b[39m\n      \u001b[36m>\u001b[39m\n        \u001b[0mManage your profile and system settings.\u001b[0m\n      \u001b[36m</div>\u001b[39m\n      \u001b[36m<div\u001b[39m\n        \u001b[33mclass\u001b[39m=\u001b[32m\"mt-6\"\u001b[39m\n      \u001b[36m>\u001b[39m\n        \u001b[36m<div\u001b[39m\n          \u001b[33mclass\u001b[39m=\u001b[32m\"rounded-xl border border-zinc-200 bg-white p-4\"\u001b[39m\n        \u001b[36m>\u001b[39m\n          \u001b[36m<div\u001b[39m\n            \u001b[33mclass\u001b[39m=\u001b[32m\"text-sm font-semibold text-zinc-900\"\u001b[39m\n          \u001b[36m>\u001b[39m\n            \u001b[0mProfile settings\u001b[0m\n          \u001b[36m</div>\u001b[39m\n          \u001b[36m<div\u001b[39m\n            \u001b[33mclass\u001b[39m=\u001b[32m\"mt-1 text-xs text-zinc-500\"\u001b[39m\n          \u001b[36m>\u001b[39m\n            \u001b[0mUpdate your profile details and password.\u001b[0m\n          \u001b[36m</div>\u001b[39m\n          \u001b[36m<div\u001b[39m\n            \u001b[33mclass\u001b[39m=\u001b[32m\"mt-4 grid grid-cols-1 gap-4 sm:grid-cols-2\"\u001b[39m\n          \u001b[36m>\u001b[39m\n            \u001b[36m<div>\u001b[39m\n              \u001b[36m<label\u001b[39m\n                \u001b[33mclass\u001b[39m=\u001b[32m\"text-xs font-medium text-zinc-700\"\u001b[39m\n                \u001b[33mfor\u001b[39m=\u001b[32m\"profile-name\"\u001b[39m\n              \u001b[36m>\u001b[39m\n                \u001b[0mName\u001b[0m\n              \u001b[36m</label>\u001b[39m\n              \u001b[36m<div\u001b[39m\n                \u001b[33mclass\u001b[39m=\u001b[32m\"mt-2\"\u001b[39m\n              \u001b[36m>\u001b[39m\n                \u001b[36m<input\u001b[39m\n                  \u001b[33mclass\u001b[39m=\u001b[32m\"w-full rounded-lg border border-zinc-200 px-3 py-2 text-sm text-zinc-900 placeholder:text-zinc-400 focus:border-blue-600 focus:outline-none focus:ring-2 focus:ring-blue-600/30 disabled:bg-zinc-50 disabled:text-zinc-500\"\u001b[39m\n                  \u001b[33mid\u001b[39m=\u001b[32m\"profile-name\"\u001b[39m\n                  \u001b[33mtype\u001b[39m=\u001b[32m\"text\"\u001b[39m\n                  \u001b[33mvalue\u001b[39m=\u001b[32m\"Admin\"\u001b[39m\n                \u001b[36m/>\u001b[39m\n              \u001b[36m</div>\u001b[39m\n            \u001b[36m</div>\u001b[39m\n            \u001b[36m<div>\u001b[39m\n              \u001b[36m<label\u001b[39m\n                \u001b[33mclass\u001b[39m=\u001b[32m\"text-xs font-medium text-zinc-700\"\u001b[39m\n                \u001b[33mfor\u001b[39m=\u001b[32m\"profile-email\"\u001b[39m\n              \u001b[36m>\u001b[39m\n                \u001b[0mEmail\u001b[0m\n              \u001b[36m</label>\u001b[39m\n              \u001b[36m<div\u001b[39m\n                \u001b[33mclass\u001b[39m=\u001b[32m\"mt-2\"\u001b[39m\n              \u001b[36m>\u001b[39m\n                \u001b[36m<input\u001b[39m\n                  \u001b[33mclass\u001b[39m=\u001b[32m\"w-full rounded-lg border border-zinc-200 px-3 py-2 text-sm text-zinc-900 placeholder:text-zinc-400 focus:border-blue-600 focus:outline-none focus:ring-2 focus:ring-blue-600/30 disabled:bg-zinc-50 disabled:text-zinc-500\"\u001b[39m\n                  \u001b[33mid\u001b[39m=\u001b[32m\"profile-email\"\u001b[39m\n                  \u001b[33mtype\u001b[39m=\u001b[32m\"email\"\u001b[39m\n                  \u001b[33mvalue\u001b[39m=\u001b[32m\"admin@local.test\"\u001b[39m\n                \u001b[36m/>\u001b[39m\n              \u001b[36m</div>\u001b[39m\n            \u001b[36m</div>\u001b[39m\n            \u001b[36m<div>\u001b[39m\n              \u001b[36m<label\u001b[39m\n                \u001b[33mclass\u001b[39m=\u001b[32m\"text-xs font-medium text-zinc-700\"\u001b[39m\n                \u001b[33mfor\u001b[39m=\u001b[32m\"profile-role\"\u001b[39m\n              \u001b[36m>\u001b[39m\n                \u001b[0mRole\u001b[0m\n              \u001b[36m</label>\u001b[39m\n              \u001b[36m<div\u001b[39m\n                \u001b[33mclass\u001b[39m=\u001b[32m\"mt-2\"\u001b[39m\n              \u001b[36m>\u001b[39m\n                \u001b[36m<input\u001b[39m\n                  \u001b[33mclass\u001b[39m=\u001b[32m\"w-full rounded-lg border border-zinc-200 px-3 py-2 text-sm text-zinc-900 placeholder:text-zinc-400 focus:border-blue-600 focus:outline-none focus:ring-2 focus:ring-blue-600/30 disabled:bg-zinc-50 disabled:text-zinc-500\"\u001b[39m\n                  \u001b[33mdisabled\u001b[39m=\u001b[32m\"\"\u001b[39m\n                  \u001b[33mid\u001b[39m=\u001b[32m\"profile-role\"\u001b[39m\n                  \u001b[33mtype\u001b[39m=\u001b[32m\"text\"\u001b[39m\n                  \u001b[33mvalue\u001b[39m=\u001b[32m\"super_admin\"\u001b[39m\n                \u001b[36m/>\u001b[39m\n              \u001b[36m</div>\u001b[39m\n            \u001b[36m</div>\u001b[39m\n          \u001b[36m</div>\u001b[39m\n          \u001b[36m<div\u001b[39m\n            \u001b[33mclass\u001b[39m=\u001b[32m\"mt-5 grid grid-cols-1 gap-4 sm:grid-cols-2\"\u001b[39m\n          \u001b[36m>\u001b[39m\n            \u001b[36m<div\u001b[39m\n              \u001b[33mclass\u001b[39m=\u001b[32m\"hidden sm:block\"\u001b[39m\n            \u001b[36m/>\u001b[39m\n            \u001b[36m<div>\u001b[39m\n              \u001b[36m<label\u001b[39m\n                \u001b[33mclass\u001b[39m=\u001b[32m\"text-xs font-medium text-zinc-700\"\u001b[39m\n                \u001b[33mfor\u001b[39m=\u001b[32m\"profile-new-password\"\u001b[39m\n              \u001b[36m>\u001b[39m\n                \u001b[0mNew password\u001b[0m\n              \u001b[36m</label>\u001b[39m\n              \u001b[36m<div\u001b[39m\n                \u001b[33mclass\u001b[39m=\u001b[32m\"mt-2\"\u001b[39m\n              \u001b[36m>\u001b[39m\n                \u001b[36m<input\u001b[39m\n                  \u001b[33mclass\u001b[39m=\u001b[32m\"w-full rounded-lg border border-zinc-200 px-3 py-2 text-sm text-zinc-900 placeholder:text-zinc-400 focus:border-blue-600 focus:outline-none focus:ring-2 focus:ring-blue-600/30 disabled:bg-zinc-50 disabled:text-zinc-500\"\u001b[39m\n                  \u001b[33mid\u001b[39m=\u001b[32m\"profile-new-password\"\u001b[39m\n                  \u001b[33mplaceholder\u001b[39m=\u001b[32m\"Leave blank to keep current password\"\u001b[39m\n                  \u001b[33mtype\u001b[39m=\u001b[32m\"password\"\u001b[39m\n                  \u001b[33mvalue\u001b[39m=\u001b[32m\"\"\u001b[39m\n                \u001b[36m/>\u001b[39m\n              \u001b[36m</div>\u001b[39m\n            \u001b[36m</div>\u001b[39m\n            \u001b[36m<div>\u001b[39m\n              \u001b[36m<label\u001b[39m\n                \u001b[33mclass\u001b[39m=\u001b[32m\"text-xs font-medium text-zinc-700\"\u001b[39m\n                \u001b[33mfor\u001b[39m=\u001b[32m\"profile-confirm-new-password\"\u001b[39m\n              \u001b[36m>\u001b[39m\n                \u001b[0mConfirm new password\u001b[0m\n              \u001b[36m</label>\u001b[39m\n              \u001b[36m<div\u001b[39m\n                \u001b[33mclass\u001b[39m=\u001b[32m\"mt-2\"\u001b[39m\n              \u001b[36m>\u001b[39m\n                \u001b[36m<input\u001b[39m\n                  \u001b[33mclass\u001b[39m=\u001b[32m\"w-full rounded-lg border border-zinc-200 px-3 py-2 text-sm text-zinc-900 placeholder:text-zinc-400 focus:border-blue-600 focus:outline-none focus:ring-2 focus:ring-blue-600/30 disabled:bg-zinc-50 disabled:text-zinc-500\"\u001b[39m\n                  \u001b[33mid\u001b[39m=\u001b[32m\"profile-confirm-new-password\"\u001b[39m\n                  \u001b[33mtype\u001b[39m=\u001b[32m\"password\"\u001b[39m\n                  \u001b[33mvalue\u001b[39m=\u001b[32m\"\"\u001b[39m\n                \u001b[36m/>\u001b[39m\n              \u001b[36m</div>\u001b[39m\n            \u001b[36m</div>\u001b[39m\n          \u001b[36m</div>\u001b[39m\n          \u001b[36m<div\u001b[39m\n            \u001b[33mclass\u001b[39m=\u001b[32m\"mt-5 flex justify-end\"\u001b[39m\n          \u001b[36m>\u001b[39m\n            \u001b[36m<button\u001b[39m\n              \u001b[33mclass\u001b[39m=\u001b[32m\"rounded-lg bg-blue-600 px-4 py-2 text-sm font-semibold text-white transition hover:bg-blue-700 disabled:cursor-not-allowed disabled:opacity-50\"\u001b[39m\n              \u001b[33mdisabled\u001b[39m=\u001b[32m\"\"\u001b[39m\n              \u001b[33mtype\u001b[39m=\u001b[32m\"button\"\u001b[39m\n            \u001b[36m>\u001b[39m\n              \u001b[0mSave Changes\u001b[0m\n            \u001b[36m</button>\u001b[39m\n          \u001b[36m</div>\u001b[39m\n        \u001b[36m</div>\u001b[39m\n      \u001b[36m</div>\u001b[39m\n      \u001b[36m<div\u001b[39m\n        \u001b[33mclass\u001b[39m=\u001b[32m\"mt-...\n\nIgnored nodes: comments, script, style\n\u001b[36m<body>\u001b[39m\n  \u001b[36m<div>\u001b[39m\n    \u001b[36m<div\u001b[39m\n      \u001b[33mclass\u001b[39m=\u001b[32m\"p-4 sm:p-6 lg:p-8\"\u001b[39m\n    \u001b[36m>\u001b[39m\n      \u001b[36m<div\u001b[39m\n        \u001b[33mclass\u001b[39m=\u001b[32m\"mb-2 text-base font-semibold text-zinc-900\"\u001b[39m\n      \u001b[36m>\u001b[39m\n        \u001b[0mSettings\u001b[0m\n      \u001b[36m</div>\u001b[39m\n      \u001b[36m<div\u001b[39m\n        \u001b[33mclass\u001b[39m=\u001b[32m\"text-sm text-zinc-600\"\u001b[39m\n      \u001b[36m>\u001b[39m\n        \u001b[0mManage your profile and system settings.\u001b[0m\n      \u001b[36m</div>\u001b[39m\n      \u001b[36m<div\u001b[39m\n        \u001b[33mclass\u001b[39m=\u001b[32m\"mt-6\"\u001b[39m\n      \u001b[36m>\u001b[39m\n        \u001b[36m<div\u001b[39m\n          \u001b[33mclass\u001b[39m=\u001b[32m\"rounded-xl border border-zinc-200 bg-white p-4\"\u001b[39m\n        \u001b[36m>\u001b[39m\n          \u001b[36m<div\u001b[39m\n            \u001b[33mclass\u001b[39m=\u001b[32m\"text-sm font-semibold text-zinc-900\"\u001b[39m\n          \u001b[36m>\u001b[39m\n            \u001b[0mProfile settings\u001b[0m\n          \u001b[36m</div>\u001b[39m\n          \u001b[36m<div\u001b[39m\n            \u001b[33mclass\u001b[39m=\u001b[32m\"mt-1 text-xs text-zinc-500\"\u001b[39m\n          \u001b[36m>\u001b[39m\n            \u001b[0mUpdate your profile details and password.\u001b[0m\n          \u001b[36m</div>\u001b[39m\n          \u001b[36m<div\u001b[39m\n            \u001b[33mclass\u001b[39m=\u001b[32m\"mt-4 grid grid-cols-1 gap-4 sm:grid-cols-2\"\u001b[39m\n          \u001b[36m>\u001b[39m\n            \u001b[36m<div>\u001b[39m\n              \u001b[36m<label\u001b[39m\n                \u001b[33mclass\u001b[39m=\u001b[32m\"text-xs font-medium text-zinc-700\"\u001b[39m\n                \u001b[33mfor\u001b[39m=\u001b[32m\"profile-name\"\u001b[39m\n              \u001b[36m>\u001b[39m\n                \u001b[0mName\u001b[0m\n              \u001b[36m</label>\u001b[39m\n              \u001b[36m<div\u001b[39m\n                \u001b[33mclass\u001b[39m=\u001b[32m\"mt-2\"\u001b[39m\n              \u001b[36m>\u001b[39m\n                \u001b[36m<input\u001b[39m\n                  \u001b[33mclass\u001b[39m=\u001b[32m\"w-full rounded-lg border border-zinc-200 px-3 py-2 text-sm text-zinc-900 placeholder:text-zinc-400 focus:border-blue-600 focus:outline-none focus:ring-2 focus:ring-blue-600/30 disabled:bg-zinc-50 disabled:text-zinc-500\"\u001b[39m\n                  \u001b[33mid\u001b[39m=\u001b[32m\"profile-name\"\u001b[39m\n                  \u001b[33mtype\u001b[39m=\u001b[32m\"text\"\u001b[39m\n                  \u001b[33mvalue\u001b[39m=\u001b[32m\"Admin\"\u001b[39m\n                \u001b[36m/>\u001b[39m\n              \u001b[36m</div>\u001b[39m\n            \u001b[36m</div>\u001b[39m\n            \u001b[36m<div>\u001b[39m\n              \u001b[36m<label\u001b[39m\n                \u001b[33mclass\u001b[39m=\u001b[32m\"text-xs font-medium text-zinc-700\"\u001b[39m\n                \u001b[33mfor\u001b[39m=\u001b[32m\"profile-email\"\u001b[39m\n              \u001b[36m>\u001b[39m\n                \u001b[0mEmail\u001b[0m\n              \u001b[36m</label>\u001b[39m\n              \u001b[36m<div\u001b[39m\n                \u001b[33mclass\u001b[39m=\u001b[32m\"mt-2\"\u001b[39m\n              \u001b[36m>\u001b[39m\n                \u001b[36m<input\u001b[39m\n                  \u001b[33mclass\u001b[39m=\u001b[32m\"w-full rounded-lg border border-zinc-200 px-3 py-2 text-sm text-zinc-900 placeholder:text-zinc-400 focus:border-blue-600 focus:outline-none focus:ring-2 focus:ring-blue-600/30 disabled:bg-zinc-50 disabled:text-zinc-500\"\u001b[39m\n                  \u001b[33mid\u001b[39m=\u001b[32m\"profile-email\"\u001b[39m\n                  \u001b[33mtype\u001b[39m=\u001b[32m\"email\"\u001b[39m\n                  \u001b[33mvalue\u001b[39m=\u001b[32m\"admin@local.test\"\u001b[39m\n                \u001b[36m/>\u001b[39m\n              \u001b[36m</div>\u001b[39m\n            \u001b[36m</div>\u001b[39m\n            \u001b[36m<div>\u001b[39m\n              \u001b[36m<label\u001b[39m\n                \u001b[33mclass\u001b[39m=\u001b[32m\"text-xs font-medium text-zinc-700\"\u001b[39m\n                \u001b[33mfor\u001b[39m=\u001b[32m\"profile-role\"\u001b[39m\n              \u001b[36m>\u001b[39m\n                \u001b[0mRole\u001b[0m\n              \u001b[36m</label>\u001b[39m\n              \u001b[36m<div\u001b[39m\n                \u001b[33mclass\u001b[39m=\u001b[32m\"mt-2\"\u001b[39m\n              \u001b[36m>\u001b[39m\n                \u001b[36m<input\u001b[39m\n                  \u001b[33mclass\u001b[39m=\u001b[32m\"w-full rounded-lg border border-zinc-200 px-3 py-2 text-sm text-zinc-900 placeholder:text-zinc-400 focus:border-blue-600 focus:outline-none focus:ring-2 focus:ring-blue-600/30 disabled:bg-zinc-50 disabled:text-zinc-500\"\u001b[39m\n                  \u001b[33mdisabled\u001b[39m=\u001b[32m\"\"\u001b[39m\n                  \u001b[33mid\u001b[39m=\u001b[32m\"profile-role\"\u001b[39m\n                  \u001b[33mtype\u001b[39m=\u001b[32m\"text\"\u001b[39m\n                  \u001b[33mvalue\u001b[39m=\u001b[32m\"super_admin\"\u001b[39m\n                \u001b[36m/>\u001b[39m\n              \u001b[36m</div>\u001b[39m\n            \u001b[36m</div>\u001b[39m\n          \u001b[36m</div>\u001b[39m\n          \u001b[36m<div\u001b[39m\n            \u001b[33mclass\u001b[39m=\u001b[32m\"mt-5 grid grid-cols-1 gap-4 sm:grid-cols-2\"\u001b[39m\n          \u001b[36m>\u001b[39m\n            \u001b[36m<div\u001b[39m\n              \u001b[33mclass\u001b[39m=\u001b[32m\"hidden sm:block\"\u001b[39m\n            \u001b[36m/>\u001b[39m\n            \u001b[36m<div>\u001b[39m\n              \u001b[36m<label\u001b[39m\n                \u001b[33mclass\u001b[39m=\u001b[32m\"text-xs font-medium text-zinc-700\"\u001b[39m\n                \u001b[33mfor\u001b[39m=\u001b[32m\"profile-new-password\"\u001b[39m\n              \u001b[36m>\u001b[39m\n                \u001b[0mNew password\u001b[0m\n              \u001b[36m</label>\u001b[39m\n              \u001b[36m<div\u001b[39m\n                \u001b[33mclass\u001b[39m=\u001b[32m\"mt-2\"\u001b[39m\n              \u001b[36m>\u001b[39m\n                \u001b[36m<input\u001b[39m\n                  \u001b[33mclass\u001b[39m=\u001b[32m\"w-full rounded-lg border border-zinc-200 px-3 py-2 text-sm text-zinc-900 placeholder:text-zinc-400 focus:border-blue-600 focus:outline-none focus:ring-2 focus:ring-blue-600/30 disabled:bg-zinc-50 disabled:text-zinc-500\"\u001b[39m\n                  \u001b[33mid\u001b[39m=\u001b[32m\"profile-new-password\"\u001b[39m\n                  \u001b[33mplaceholder\u001b[39m=\u001b[32m\"Leave blank to keep current password\"\u001b[39m\n                  \u001b[33mtype\u001b[39m=\u001b[32m\"password\"\u001b[39m\n                  \u001b[33mvalue\u001b[39m=\u001b[32m\"\"\u001b[39m\n                \u001b[36m/>\u001b[39m\n              \u001b[36m</div>\u001b[39m\n            \u001b[36m</div>\u001b[39m\n            \u001b[36m<div>\u001b[39m\n              \u001b[36m<label\u001b[39m\n                \u001b[33mclass\u001b[39m=\u001b[32m\"text-xs font-medium text-zinc-700\"\u001b[39m\n                \u001b[33mfor\u001b[39m=\u001b[32m\"profile-confirm-new-password\"\u001b[39m\n              \u001b[36m>\u001b[39m\n                \u001b[0mConfirm new password\u001b[0m\n              \u001b[36m</label>\u001b[39m\n              \u001b[36m<div\u001b[39m\n                \u001b[33mclass\u001b[39m=\u001b[32m\"mt-2\"\u001b[39m\n              \u001b[36m>\u001b[39m\n                \u001b[36m<input\u001b[39m\n                  \u001b[33mclass\u001b[39m=\u001b[32m\"w-full rounded-lg border border-zinc-200 px-3 py-2 text-sm text-zinc-900 placeholder:text-zinc-400 focus:border-blue-600 focus:outline-none focus:ring-2 focus:ring-blue-600/30 disabled:bg-zinc-50 disabled:text-zinc-500\"\u001b[39m\n                  \u001b[33mid\u001b[39m=\u001b[32m\"profile-confirm-new-password\"\u001b[39m\n                  \u001b[33mtype\u001b[39m=\u001b[32m\"password\"\u001b[39m\n                  \u001b[33mvalue\u001b[39m=\u001b[32m\"\"\u001b[39m\n                \u001b[36m/>\u001b[39m\n              \u001b[36m</div>\u001b[39m\n            \u001b[36m</div>\u001b[39m\n          \u001b[36m</div>\u001b[39m\n          \u001b[36m<div\u001b[39m\n            \u001b[33mclass\u001b[39m=\u001b[32m\"mt-5 flex justify-end\"\u001b[39m\n          \u001b[36m>\u001b[39m\n            \u001b[36m<button\u001b[39m\n              \u001b[33mclass\u001b[39m=\u001b[32m\"rounded-lg bg-blue-600 px-4 py-2 text-sm font-semibold text-white transition hover:bg-blue-700 disabled:cursor-not-allowed disabled:opacity-50\"\u001b[39m\n              \u001b[33mdisabled\u001b[39m=\u001b[32m\"\"\u001b[39m\n              \u001b[33mtype\u001b[39m=\u001b[32m\"button\"\u001b[39m\n            \u001b[36m>\u001b[39m\n              \u001b[0mSave Changes\u001b[0m\n            \u001b[36m</button>\u001b[39m\n          \u001b[36m</div>\u001b[39m\n        \u001b[36m</div>\u001b[39m\n      \u001b[36m</div>\u001b[39m\n      \u001b[36m<div\u001b[39m\n        \u001b[33mclass\u001b[39m=\u001b[32m\"mt-..."],"location":{"line":163,"column":27}}],"startTime":1777865015156,"endTime":1777865017338,"status":"failed","message":"","name":"C:/Users/USER/Desktop/Authenticity Certificate/frontend/src/pages/admin/__tests__/adminSettings.test.jsx"}]}